0 info it worked if it ends with ok
1 verbose cli [ '/usr/bin/nodejs',
1 verbose cli   '/usr/bin/npm',
1 verbose cli   'install',
1 verbose cli   '--save',
1 verbose cli   '@angular/cli' ]
2 info using npm@1.3.10
3 info using node@v0.10.25
4 warn package.json duplicati-interface@0.0.0 No description
5 verbose readDependencies using package.json deps
6 verbose cache add [ '@angular/cli', null ]
7 verbose cache add name=undefined spec="@angular/cli" args=["@angular/cli",null]
8 verbose parsed url { protocol: null,
8 verbose parsed url   slashes: null,
8 verbose parsed url   auth: null,
8 verbose parsed url   host: null,
8 verbose parsed url   port: null,
8 verbose parsed url   hostname: null,
8 verbose parsed url   hash: null,
8 verbose parsed url   search: null,
8 verbose parsed url   query: null,
8 verbose parsed url   pathname: '@angular/cli',
8 verbose parsed url   path: '@angular/cli',
8 verbose parsed url   href: '@angular/cli' }
9 verbose cache add name="" spec="angular/cli" args=["","angular/cli"]
10 verbose parsed url { protocol: null,
10 verbose parsed url   slashes: null,
10 verbose parsed url   auth: null,
10 verbose parsed url   host: null,
10 verbose parsed url   port: null,
10 verbose parsed url   hostname: null,
10 verbose parsed url   hash: null,
10 verbose parsed url   search: null,
10 verbose parsed url   query: null,
10 verbose parsed url   pathname: 'angular/cli',
10 verbose parsed url   path: 'angular/cli',
10 verbose parsed url   href: 'angular/cli' }
11 silly lockFile 5cecaa1c-angular-cli angular/cli
12 verbose lock angular/cli /home/lily/.npm/5cecaa1c-angular-cli.lock
13 info maybeGithub Attempting angular/cli from git://github.com/angular/cli
14 silly lockFile 057ccbdd-git-github-com-angular-cli git://github.com/angular/cli
15 verbose lock git://github.com/angular/cli /home/lily/.npm/057ccbdd-git-github-com-angular-cli.lock
16 verbose addRemoteGit [ 'git://github.com/angular/cli', 'master' ]
17 verbose git clone git://github.com/angular/cli Cloning into bare repository '/home/lily/.npm/_git-remotes/git-github-com-angular-cli-057ccbdd'...
17 verbose git clone git://github.com/angular/cli fatal: remote error:
17 verbose git clone git://github.com/angular/cli   Repository not found.
18 silly lockFile 057ccbdd-git-github-com-angular-cli git://github.com/angular/cli
19 silly lockFile 057ccbdd-git-github-com-angular-cli git://github.com/angular/cli
20 info maybeGithub Attempting angular/cli from git+ssh://git@github.com:angular/cli
21 silly lockFile c455b8ea-t-ssh-git-github-com-angular-cli git+ssh://git@github.com:angular/cli
22 verbose lock git+ssh://git@github.com:angular/cli /home/lily/.npm/c455b8ea-t-ssh-git-github-com-angular-cli.lock
23 verbose addRemoteGit [ 'git@github.com:angular/cli', 'master' ]
24 error git clone git@github.com:angular/cli Cloning into bare repository '/home/lily/.npm/_git-remotes/git-github-com-angular-cli-515723dd'...
24 error git clone git@github.com:angular/cli Permission denied (publickey).
24 error git clone git@github.com:angular/cli fatal: Could not read from remote repository.
24 error git clone git@github.com:angular/cli
24 error git clone git@github.com:angular/cli Please make sure you have the correct access rights
24 error git clone git@github.com:angular/cli and the repository exists.
25 silly lockFile 515723dd-git-github-com-angular-cli git@github.com:angular/cli
26 silly lockFile 5cecaa1c-angular-cli angular/cli
27 silly lockFile 5cecaa1c-angular-cli angular/cli
28 error addLocal Could not install angular/cli
29 error Error: ENOENT, stat 'angular/cli'
30 error If you need help, you may report this log at:
30 error     <http://github.com/isaacs/npm/issues>
30 error or email it to:
30 error     <npm-@googlegroups.com>
31 error System Linux 3.4.0+
32 error command "/usr/bin/nodejs" "/usr/bin/npm" "install" "--save" "@angular/cli"
33 error cwd /home/lily/duplicati-interface
34 error node -v v0.10.25
35 error npm -v 1.3.10
36 error path angular/cli
37 error code ENOENT
38 error errno 34
39 verbose exit [ 34, true ]
